This is pdfTeX, Version 3.1415926-2.5-1.40.14 (TeX Live 2013/Debian) (format=latex 2014.2.2)  12 FEB 2014 06:56
entering extended mode
 restricted \write18 enabled.
 %&-line parsing enabled.
**mingw
(./mingw.tex
LaTeX2e <2011/06/27>
Babel <3.9h> and hyphenation patterns for 9 languages loaded.
(/usr/share/texlive/texmf-dist/tex/latex/base/article.cls
Document Class: article 2007/10/19 v1.4h Standard LaTeX document class
(/usr/share/texlive/texmf-dist/tex/latex/base/size10.clo
File: size10.clo 2007/10/19 v1.4h Standard LaTeX file (size option)
)
\c@part=\count79
\c@section=\count80
\c@subsection=\count81
\c@subsubsection=\count82
\c@paragraph=\count83
\c@subparagraph=\count84
\c@figure=\count85
\c@table=\count86
\abovecaptionskip=\skip41
\belowcaptionskip=\skip42
\bibindent=\dimen102
)
(/usr/share/texlive/texmf-dist/tex/latex/graphics/graphicx.sty
Package: graphicx 1999/02/16 v1.0f Enhanced LaTeX Graphics (DPC,SPQR)

(/usr/share/texlive/texmf-dist/tex/latex/graphics/keyval.sty
Package: keyval 1999/03/16 v1.13 key=value parser (DPC)
\KV@toks@=\toks14
)
(/usr/share/texlive/texmf-dist/tex/latex/graphics/graphics.sty
Package: graphics 2009/02/05 v1.0o Standard LaTeX Graphics (DPC,SPQR)

(/usr/share/texlive/texmf-dist/tex/latex/graphics/trig.sty
Package: trig 1999/03/16 v1.09 sin cos tan (DPC)
)
(/usr/share/texlive/texmf-dist/tex/latex/latexconfig/graphics.cfg
File: graphics.cfg 2010/04/23 v1.9 graphics configuration of TeX Live
)
Package graphics Info: Driver file: dvips.def on input line 91.

(/usr/share/texlive/texmf-dist/tex/latex/graphics/dvips.def
File: dvips.def 1999/02/16 v3.0i Driver-dependant file (DPC,SPQR)
))
\Gin@req@height=\dimen103
\Gin@req@width=\dimen104
)
(/usr/share/texlive/texmf-dist/tex/latex/graphics/color.sty
Package: color 2005/11/14 v1.0j Standard LaTeX Color (DPC)

(/usr/share/texlive/texmf-dist/tex/latex/latexconfig/color.cfg
File: color.cfg 2007/01/18 v1.5 color configuration of teTeX/TeXLive
)
Package color Info: Driver file: dvips.def on input line 130.

(/usr/share/texlive/texmf-dist/tex/latex/graphics/dvipsnam.def
File: dvipsnam.def 1999/02/16 v3.0i Driver-dependant file (DPC,SPQR)
)) (./mingw.aux)
\openout1 = `mingw.aux'.

LaTeX Font Info:    Checking defaults for OML/cmm/m/it on input line 23.
LaTeX Font Info:    ... okay on input line 23.
LaTeX Font Info:    Checking defaults for T1/cmr/m/n on input line 23.
LaTeX Font Info:    ... okay on input line 23.
LaTeX Font Info:    Checking defaults for OT1/cmr/m/n on input line 23.
LaTeX Font Info:    ... okay on input line 23.
LaTeX Font Info:    Checking defaults for OMS/cmsy/m/n on input line 23.
LaTeX Font Info:    ... okay on input line 23.
LaTeX Font Info:    Checking defaults for OMX/cmex/m/n on input line 23.
LaTeX Font Info:    ... okay on input line 23.
LaTeX Font Info:    Checking defaults for U/cmr/m/n on input line 23.
LaTeX Font Info:    ... okay on input line 23.
LaTeX Font Info:    External font `cmex10' loaded for size
(Font)              <12> on input line 25.
LaTeX Font Info:    External font `cmex10' loaded for size
(Font)              <8> on input line 25.
LaTeX Font Info:    External font `cmex10' loaded for size
(Font)              <6> on input line 25.

(./mingw.toc)
\tf@toc=\write3
\openout3 = `mingw.toc'.

File: msys-1.png.eps Graphic file (type eps)
 <msys-1.png.eps> [1

] [2]
File: msys-2.png.eps Graphic file (type eps)
 <msys-2.png.eps>
File: msys-3.png.eps Graphic file (type eps)
 <msys-3.png.eps>
[3

]
File: msys-4.png.eps Graphic file (type eps)
 <msys-4.png.eps>
File: msys-5.png.eps Graphic file (type eps)
 <msys-5.png.eps> [4

]
File: msys-6.png.eps Graphic file (type eps)
 <msys-6.png.eps>
File: msys-7.png.eps Graphic file (type eps)
 <msys-7.png.eps>
[5

]
File: msys-8.png.eps Graphic file (type eps)
 <msys-8.png.eps>
File: msys-9.png.eps Graphic file (type eps)
 <msys-9.png.eps> [6

]
File: msys-10.png.eps Graphic file (type eps)
 <msys-10.png.eps>
File: msys-11.png.eps Graphic file (type eps)
 <msys-11.png.eps>
[7

]
LaTeX Font Info:    External font `cmex10' loaded for size
(Font)              <7> on input line 92.
LaTeX Font Info:    External font `cmex10' loaded for size
(Font)              <5> on input line 92.
File: msys-12.png.eps Graphic file (type eps)
 <msys-12.png.eps>
File: msys-13.png.eps Graphic file (type eps)
 <msys-13.png.eps> [8

]
File: msys-14.png.eps Graphic file (type eps)
 <msys-14.png.eps>
File: msys-15.png.eps Graphic file (type eps)

<msys-15.png.eps> [9

]
File: msys-16.png.eps Graphic file (type eps)
 <msys-16.png.eps>
File: msys-17.png.eps Graphic file (type eps)
 <msys-17.png.eps>
Overfull \hbox (4.66737pt too wide) in paragraph at lines 113--118
[]\OT1/cmr/m/n/10 Select the []C:$\OMS/cmsy/m/n/10 n$\OT1/cmr/m/n/10 MinGW$\OMS
/cmsy/m/n/10 n$\OT1/cmr/m/n/10 msys$\OMS/cmsy/m/n/10 n$\OT1/cmr/m/n/10 1.0$\OMS
/cmsy/m/n/10 n$\OT1/cmr/m/n/10 msys.ico[] (or []C:$\OMS/cmsy/m/n/10 n$\OT1/cmr/
m/n/10 MinGW$\OMS/cmsy/m/n/10 n$\OT1/cmr/m/n/10 msys$\OMS/cmsy/m/n/10 n$\OT1/cm
r/m/n/10 1.0$\OMS/cmsy/m/n/10 n$\OT1/cmr/m/n/10 m.ico[])
 []

[10

]
File: msys-18.png.eps Graphic file (type eps)
 <msys-18.png.eps>
File: msys-19.png.eps Graphic file (type eps)
 <msys-19.png.eps> [11

]
File: msys-20.png.eps Graphic file (type eps)
 <msys-20.png.eps>
File: msys-21.png.eps Graphic file (type eps)

<msys-21.png.eps> [12

]
File: 7zip.png.eps Graphic file (type eps)
 <7zip.png.eps> [13

]
File: 7zip-2.png.eps Graphic file (type eps)
 <7zip-2.png.eps>
File: 7zip-3.png.eps Graphic file (type eps)
 <7zip-3.png.eps>
[14

]
File: 7zip-4.png.eps Graphic file (type eps)
 <7zip-4.png.eps>
File: 7zip-5.png.eps Graphic file (type eps)
 <7zip-5.png.eps> [15

]
File: 7zip-6.png.eps Graphic file (type eps)
 <7zip-6.png.eps>
File: 7zip-7.png.eps Graphic file (type eps)
 <7zip-7.png.eps>
[16

]
File: 7zip-8.png.eps Graphic file (type eps)
 <7zip-8.png.eps>
File: 7zip-9.png.eps Graphic file (type eps)
 <7zip-9.png.eps> [17

]
File: 7zip-10.png.eps Graphic file (type eps)
 <7zip-10.png.eps>
File: 7zip-11.png.eps Graphic file (type eps)

<7zip-11.png.eps> [18

]
File: 7zip-12.png.eps Graphic file (type eps)
 <7zip-12.png.eps>
File: 7zip-13.png.eps Graphic file (type eps)
 <7zip-13.png.eps> [19

]
File: 7zip-14.png.eps Graphic file (type eps)

<7zip-14.png.eps>
File: 7zip-15.png.eps Graphic file (type eps)
 <7zip-15.png.eps> [20

]
File: git-1.png.eps Graphic file (type eps)
 <git-1.png.eps> [21

]
File: git-2.png.eps Graphic file (type eps)
 <git-2.png.eps>
File: git-3.png.eps Graphic file (type eps)

<git-3.png.eps> [22

]
File: git-4.png.eps Graphic file (type eps)
 <git-4.png.eps>
File: git-5.png.eps Graphic file (type eps)
 <git-5.png.eps> [23

]
File: git-6.png.eps Graphic file (type eps)
 <git-6.png.eps>
File: git-7.png.eps Graphic file (type eps)

<git-7.png.eps> [24

]
File: git-8.png.eps Graphic file (type eps)
 <git-8.png.eps>
File: git-9.png.eps Graphic file (type eps)
 <git-9.png.eps> [25

] (./mingw.aux) ) 
Here is how much of TeX's memory you used:
 820 strings out of 494903
 10767 string characters out of 6177523
 56152 words of memory out of 5000000
 4052 multiletter control sequences out of 15000+600000
 7588 words of font info for 27 fonts, out of 8000000 for 9000
 62 hyphenation exceptions out of 8191
 25i,6n,19p,196b,338s stack positions out of 5000i,500n,10000p,200000b,80000s

Output written on mingw.dvi (25 pages, 19412 bytes).
